  game.cpp
c:\users\charles0\documents\makrokierunek\focp\fightmoduletac\fightmoduletac\game.cpp(41): warning C4838: conversion from 'int' to 'SHORT' requires a narrowing conversion
c:\users\charles0\documents\makrokierunek\focp\fightmoduletac\fightmoduletac\game.cpp(161): warning C4018: '<': signed/unsigned mismatch
c:\users\charles0\documents\makrokierunek\focp\fightmoduletac\fightmoduletac\game.cpp(166): warning C4018: '<': signed/unsigned mismatch
c:\users\charles0\documents\makrokierunek\focp\fightmoduletac\fightmoduletac\game.cpp(172): warning C4018: '>=': signed/unsigned mismatch
c:\users\charles0\documents\makrokierunek\focp\fightmoduletac\fightmoduletac\game.cpp(172): warning C4018: '<': signed/unsigned mismatch
c:\users\charles0\documents\makrokierunek\focp\fightmoduletac\fightmoduletac\game.cpp(181): warning C4018: '<': signed/unsigned mismatch
c:\users\charles0\documents\makrokierunek\focp\fightmoduletac\fightmoduletac\game.cpp(186): warning C4018: '>=': signed/unsigned mismatch
c:\users\charles0\documents\makrokierunek\focp\fightmoduletac\fightmoduletac\game.cpp(186): warning C4018: '<': signed/unsigned mismatch
c:\users\charles0\documents\makrokierunek\focp\fightmoduletac\fightmoduletac\game.cpp(191): warning C4018: '<': signed/unsigned mismatch
c:\users\charles0\documents\makrokierunek\focp\fightmoduletac\fightmoduletac\game.cpp(193): warning C4018: '>=': signed/unsigned mismatch
c:\users\charles0\documents\makrokierunek\focp\fightmoduletac\fightmoduletac\game.cpp(193): warning C4018: '<': signed/unsigned mismatch
c:\users\charles0\documents\makrokierunek\focp\fightmoduletac\fightmoduletac\game.cpp(203): warning C4018: '<': signed/unsigned mismatch
c:\users\charles0\documents\makrokierunek\focp\fightmoduletac\fightmoduletac\game.cpp(212): warning C4018: '<': signed/unsigned mismatch
c:\users\charles0\documents\makrokierunek\focp\fightmoduletac\fightmoduletac\game.cpp(217): warning C4018: '>=': signed/unsigned mismatch
c:\users\charles0\documents\makrokierunek\focp\fightmoduletac\fightmoduletac\game.cpp(235): warning C4244: 'initializing': conversion from 'double' to 'int', possible loss of data
c:\users\charles0\documents\makrokierunek\focp\fightmoduletac\fightmoduletac\game.cpp(243): warning C4244: 'initializing': conversion from 'double' to 'int', possible loss of data
c:\users\charles0\documents\makrokierunek\focp\fightmoduletac\fightmoduletac\game.cpp(271): warning C4018: '<': signed/unsigned mismatch
c:\users\charles0\documents\makrokierunek\focp\fightmoduletac\fightmoduletac\game.cpp(276): warning C4018: '<': signed/unsigned mismatch
c:\users\charles0\documents\makrokierunek\focp\fightmoduletac\fightmoduletac\game.cpp(282): warning C4018: '>=': signed/unsigned mismatch
c:\users\charles0\documents\makrokierunek\focp\fightmoduletac\fightmoduletac\game.cpp(282): warning C4018: '<': signed/unsigned mismatch
c:\users\charles0\documents\makrokierunek\focp\fightmoduletac\fightmoduletac\game.cpp(291): warning C4018: '<': signed/unsigned mismatch
c:\users\charles0\documents\makrokierunek\focp\fightmoduletac\fightmoduletac\game.cpp(296): warning C4018: '>=': signed/unsigned mismatch
c:\users\charles0\documents\makrokierunek\focp\fightmoduletac\fightmoduletac\game.cpp(296): warning C4018: '<': signed/unsigned mismatch
c:\users\charles0\documents\makrokierunek\focp\fightmoduletac\fightmoduletac\game.cpp(305): warning C4018: '>=': signed/unsigned mismatch
c:\users\charles0\documents\makrokierunek\focp\fightmoduletac\fightmoduletac\game.cpp(305): warning C4018: '<': signed/unsigned mismatch
c:\users\charles0\documents\makrokierunek\focp\fightmoduletac\fightmoduletac\game.cpp(319): warning C4018: '<': signed/unsigned mismatch
c:\users\charles0\documents\makrokierunek\focp\fightmoduletac\fightmoduletac\game.cpp(324): warning C4018: '>=': signed/unsigned mismatch
  FightModuleTAC.vcxproj -> C:\Users\charles0\Documents\Makrokierunek\FoCP\FightModuleTAC\Debug\FightModuleTAC.exe
